<?xml version="1.0" encoding="UTF-8"?>
<testsuite name="com.example.demo.data.VoitureTest" tests="9" skipped="0" failures="0" errors="0" timestamp="2025-05-22T13:05:07" hostname="q10612" time="0.236">
  <properties/>
  <testcase name="testSetId()" classname="com.example.demo.data.VoitureTest" time="0.212"/>
  <testcase name="testToString()" classname="com.example.demo.data.VoitureTest" time="0.003"/>
  <testcase name="testSetterAndGetterForId()" classname="com.example.demo.data.VoitureTest" time="0.002"/>
  <testcase name="testGetPrix()" classname="com.example.demo.data.VoitureTest" time="0.002"/>
  <testcase name="testSetMarque()" classname="com.example.demo.data.VoitureTest" time="0.002"/>
  <testcase name="testGetMarque()" classname="com.example.demo.data.VoitureTest" time="0.003"/>
  <testcase name="testSetPrix()" classname="com.example.demo.data.VoitureTest" time="0.002"/>
  <testcase name="testConstructor()" classname="com.example.demo.data.VoitureTest" time="0.001"/>
  <testcase name="testDefaultConstructor()" classname="com.example.demo.data.VoitureTest" time="0.002"/>
  <system-out><![CDATA[15:05:04.871 [Test worker] DEBUG org.springframework.test.context.BootstrapUtils - Instantiating CacheAwareContextLoaderDelegate from class [org.springframework.test.context.cache.DefaultCacheAwareContextLoaderDelegate]
15:05:04.887 [Test worker] DEBUG org.springframework.test.context.BootstrapUtils - Instantiating BootstrapContext using constructor [public org.springframework.test.context.support.DefaultBootstrapContext(java.lang.Class,org.springframework.test.context.CacheAwareContextLoaderDelegate)]
15:05:04.933 [Test worker] DEBUG org.springframework.test.context.BootstrapUtils - Instantiating TestContextBootstrapper for test class [com.example.demo.data.VoitureTest] from class [org.springframework.boot.test.context.SpringBootTestContextBootstrapper]
15:05:04.945 [Test worker] INFO org.springframework.boot.test.context.SpringBootTestContextBootstrapper - Neither @ContextConfiguration nor @ContextHierarchy found for test class [com.example.demo.data.VoitureTest], using SpringBootContextLoader
15:05:04.951 [Test worker] DEBUG org.springframework.test.context.support.AbstractContextLoader - Did not detect default resource location for test class [com.example.demo.data.VoitureTest]: class path resource [com/example/demo/data/VoitureTest-context.xml] does not exist
15:05:04.951 [Test worker] DEBUG org.springframework.test.context.support.AbstractContextLoader - Did not detect default resource location for test class [com.example.demo.data.VoitureTest]: class path resource [com/example/demo/data/VoitureTestContext.groovy] does not exist
15:05:04.951 [Test worker] INFO org.springframework.test.context.support.AbstractContextLoader - Could not detect default resource locations for test class [com.example.demo.data.VoitureTest]: no resource found for suffixes {-context.xml, Context.groovy}.
15:05:04.952 [Test worker] INFO org.springframework.test.context.support.AnnotationConfigContextLoaderUtils - Could not detect default configuration classes for test class [com.example.demo.data.VoitureTest]: VoitureTest does not declare any static, non-private, non-final, nested classes annotated with @Configuration.
15:05:04.993 [Test worker] DEBUG org.springframework.test.context.support.ActiveProfilesUtils - Could not find an 'annotation declaring class' for annotation type [org.springframework.test.context.ActiveProfiles] and class [com.example.demo.data.VoitureTest]
15:05:05.061 [Test worker] DEBUG org.springframework.context.annotation.ClassPathScanningCandidateComponentProvider - Identified candidate component class: file [/home/student/905/12302332/qualite_dev/build/classes/java/main/com/example/demo/DemoApplication.class]
15:05:05.062 [Test worker] INFO org.springframework.boot.test.context.SpringBootTestContextBootstrapper - Found @SpringBootConfiguration com.example.demo.DemoApplication for test class com.example.demo.data.VoitureTest
15:05:05.154 [Test worker] DEBUG org.springframework.boot.test.context.SpringBootTestContextBootstrapper - @TestExecutionListeners is not present for class [com.example.demo.data.VoitureTest]: using defaults.
15:05:05.154 [Test worker] INFO org.springframework.boot.test.context.SpringBootTestContextBootstrapper - Loaded default TestExecutionListener class names from location [META-INF/spring.factories]: [org.springframework.boot.test.autoconfigure.restdocs.RestDocsTestExecutionListener, org.springframework.boot.test.autoconfigure.web.client.MockRestServiceServerResetTestExecutionListener, org.springframework.boot.test.autoconfigure.web.servlet.MockMvcPrintOnlyOnFailureTestExecutionListener, org.springframework.boot.test.autoconfigure.web.servlet.WebDriverTestExecutionListener, org.springframework.boot.test.autoconfigure.webservices.client.MockWebServiceServerTestExecutionListener, org.springframework.boot.test.mock.mockito.MockitoTestExecutionListener, org.springframework.boot.test.mock.mockito.ResetMocksTestExecutionListener, org.springframework.test.context.web.ServletTestExecutionListener, org.springframework.test.context.support.DirtiesContextBeforeModesTestExecutionListener, org.springframework.test.context.event.ApplicationEventsTestExecutionListener, org.springframework.test.context.support.DependencyInjectionTestExecutionListener, org.springframework.test.context.support.DirtiesContextTestExecutionListener, org.springframework.test.context.transaction.TransactionalTestExecutionListener, org.springframework.test.context.jdbc.SqlScriptsTestExecutionListener, org.springframework.test.context.event.EventPublishingTestExecutionListener]
15:05:05.172 [Test worker] INFO org.springframework.boot.test.context.SpringBootTestContextBootstrapper - Using TestExecutionListeners: [org.springframework.test.context.web.ServletTestExecutionListener@37854b34, org.springframework.test.context.support.DirtiesContextBeforeModesTestExecutionListener@48eb001a, org.springframework.test.context.event.ApplicationEventsTestExecutionListener@34332b8d, org.springframework.boot.test.mock.mockito.MockitoTestExecutionListener@724b939e, org.springframework.boot.test.autoconfigure.SpringBootDependencyInjectionTestExecutionListener@6f8aba08, org.springframework.test.context.support.DirtiesContextTestExecutionListener@7ff19c33, org.springframework.test.context.transaction.TransactionalTestExecutionListener@52b3bf03, org.springframework.test.context.jdbc.SqlScriptsTestExecutionListener@7cca01a8, org.springframework.test.context.event.EventPublishingTestExecutionListener@462abec3, org.springframework.boot.test.autoconfigure.restdocs.RestDocsTestExecutionListener@35c9a231, org.springframework.boot.test.autoconfigure.web.client.MockRestServiceServerResetTestExecutionListener@7a4d582c, org.springframework.boot.test.autoconfigure.web.servlet.MockMvcPrintOnlyOnFailureTestExecutionListener@5626d18c, org.springframework.boot.test.autoconfigure.web.servlet.WebDriverTestExecutionListener@45e9b12d, org.springframework.boot.test.autoconfigure.webservices.client.MockWebServiceServerTestExecutionListener@3dc95b8b, org.springframework.boot.test.mock.mockito.ResetMocksTestExecutionListener@2d55e826]
15:05:05.175 [Test worker] DEBUG org.springframework.test.context.support.AbstractDirtiesContextTestExecutionListener - Before test class: context [DefaultTestContext@176555c testClass = VoitureTest, testInstance = [null], testMethod = [null], testException = [null], mergedContextConfiguration = [WebMergedContextConfiguration@7c781c42 testClass = VoitureTest, locations = '{}', classes = '{class com.example.demo.DemoApplication}', contextInitializerClasses = '[]', activeProfiles = '{}', propertySourceLocations = '{}', propertySourceProperties = '{org.springframework.boot.test.context.SpringBootTestContextBootstrapper=true}', contextCustomizers = set[org.springframework.boot.test.autoconfigure.actuate.metrics.MetricsExportContextCustomizerFactory$DisableMetricExportContextCustomizer@3c904f1e, org.springframework.boot.test.autoconfigure.properties.PropertyMappingContextCustomizer@0, org.springframework.boot.test.autoconfigure.web.servlet.WebDriverContextCustomizerFactory$Customizer@dc7b462, org.springframework.boot.test.context.filter.ExcludeFilterContextCustomizer@10ee04df, org.springframework.boot.test.json.DuplicateJsonObjectContextCustomizerFactory$DuplicateJsonObjectContextCustomizer@6b667cb3, org.springframework.boot.test.mock.mockito.MockitoContextCustomizer@0, org.springframework.boot.test.web.client.TestRestTemplateContextCustomizer@6c8909c3, org.springframework.boot.test.context.SpringBootTestArgs@1, org.springframework.boot.test.context.SpringBootTestWebEnvironment@1080b026], resourceBasePath = 'src/main/webapp', contextLoader = 'org.springframework.boot.test.context.SpringBootContextLoader', parent = [null]], attributes = map['org.springframework.test.context.web.ServletTestExecutionListener.activateListener' -> true]], class annotated with @DirtiesContext [false] with mode [null].

  .   ____          _            __ _ _
 /\\ / ___'_ __ _ _(_)_ __  __ _ \ \ \ \
( ( )\___ | '_ | '_| | '_ \/ _` | \ \ \ \
 \\/  ___)| |_)| | | | | || (_| |  ) ) ) )
  '  |____| .__|_| |_|_| |_\__, | / / / /
 =========|_|==============|___/=/_/_/_/
 :: Spring Boot ::                (v2.7.5)

2025-05-22 15:05:05.459  INFO 12277 --- [    Test worker] com.example.demo.data.VoitureTest        : Starting VoitureTest using Java 17.0.12 on q10612 with PID 12277 (started by 12302332 in /home/student/905/12302332/qualite_dev)
2025-05-22 15:05:05.460  INFO 12277 --- [    Test worker] com.example.demo.data.VoitureTest        : No active profile set, falling back to 1 default profile: "default"
2025-05-22 15:05:05.992  INFO 12277 --- [    Test worker] .s.d.r.c.RepositoryConfigurationDelegate : Bootstrapping Spring Data JPA repositories in DEFAULT mode.
2025-05-22 15:05:06.002  INFO 12277 --- [    Test worker] .s.d.r.c.RepositoryConfigurationDelegate : Finished Spring Data repository scanning in 4 ms. Found 0 JPA repository interfaces.
2025-05-22 15:05:06.422  INFO 12277 --- [    Test worker] com.zaxxer.hikari.HikariDataSource       : HikariPool-1 - Starting...
2025-05-22 15:05:06.736  INFO 12277 --- [    Test worker] com.zaxxer.hikari.HikariDataSource       : HikariPool-1 - Start completed.
2025-05-22 15:05:06.793  INFO 12277 --- [    Test worker] o.hibernate.jpa.internal.util.LogHelper  : HHH000204: Processing PersistenceUnitInfo [name: default]
2025-05-22 15:05:06.843  INFO 12277 --- [    Test worker] org.hibernate.Version                    : HHH000412: Hibernate ORM core version 5.6.12.Final
2025-05-22 15:05:06.993  INFO 12277 --- [    Test worker] o.hibernate.annotations.common.Version   : HCANN000001: Hibernate Commons Annotations {5.1.2.Final}
2025-05-22 15:05:07.103  INFO 12277 --- [    Test worker] org.hibernate.dialect.Dialect            : HHH000400: Using dialect: org.hibernate.dialect.H2Dialect
2025-05-22 15:05:07.305  INFO 12277 --- [    Test worker] o.h.e.t.j.p.i.JtaPlatformInitiator       : HHH000490: Using JtaPlatform implementation: [org.hibernate.engine.transaction.jta.platform.internal.NoJtaPlatform]
2025-05-22 15:05:07.313  INFO 12277 --- [    Test worker] j.LocalContainerEntityManagerFactoryBean : Initialized JPA EntityManagerFactory for persistence unit 'default'
2025-05-22 15:05:07.473  WARN 12277 --- [    Test worker] JpaBaseConfiguration$JpaWebConfiguration : spring.jpa.open-in-view is enabled by default. Therefore, database queries may be performed during view rendering. Explicitly configure spring.jpa.open-in-view to disable this warning
2025-05-22 15:05:07.878  INFO 12277 --- [    Test worker] com.example.demo.data.VoitureTest        : Started VoitureTest in 2.669 seconds (JVM running for 3.727)
]]></system-out>
  <system-err><![CDATA[]]></system-err>
</testsuite>
